# JRE version: Java(TM) SE Runtime Environment (21.0.8+12) (build 21.0.8+12-LTS-250)
# Java VM: Java HotSpot(TM) 64-Bit Server VM (21.0.8+12-LTS-250, mixed mode, emulated-client, sharing, tiered, compressed oops, compressed class ptrs, g1 gc, windows-amd64)
GC Precious Log:
 CardTable entry size: 512
 Card Set container configuration: InlinePtr #cards 5 size 8 Array Of Cards #cards 12 size 40 Howl #buckets 4 coarsen threshold 1843 Howl Bitmap #cards 512 size 80 coarsen threshold 460 Card regions per heap region 1 cards per card region 2048
 CPUs: 8 total, 8 available
 Memory: 8050M
 Large Page Support: Disabled
 NUMA Support: Disabled
 Compressed Oops: Enabled (32-bit)
 Heap Region Size: 1M
 Heap Min Capacity: 8M
 Heap Initial Capacity: 126M
 Heap Max Capacity: 2014M
 Pre-touch: Disabled
 Parallel Workers: 8
 Concurrent Workers: 2
 Concurrent Refinement Workers: 8
 Periodic GC: Disabled
Heap:
 garbage-first heap   total 70656K, used 55103K [0x0000000082200000, 0x0000000100000000)
  region size 1024K, 23 young (23552K), 3 survivors (3072K)
 Metaspace       used 76899K, committed 77824K, reserved 1179648K
  class space    used 10883K, committed 11328K, reserved 1048576K
GC Heap History (20 events):
Event: 2.257 GC heap before
{Heap before GC invocations=4 (full 0):
 garbage-first heap   total 58368K, used 43045K [0x0000000082200000, 0x0000000100000000)
  region size 1024K, 34 young (34816K), 6 survivors (6144K)
 Metaspace       used 23330K, committed 23808K, reserved 1114112K
  class space    used 3120K, committed 3328K, reserved 1048576K
}
Event: 2.263 GC heap after
{Heap after GC invocations=5 (full 0):
 garbage-first heap   total 58368K, used 16215K [0x0000000082200000, 0x0000000100000000)
  region size 1024K, 3 young (3072K), 3 survivors (3072K)
 Metaspace       used 23330K, committed 23808K, reserved 1114112K
  class space    used 3120K, committed 3328K, reserved 1048576K
}
Event: 2.705 GC heap before
{Heap before GC invocations=5 (full 0):
 garbage-first heap   total 58368K, used 44887K [0x0000000082200000, 0x0000000100000000)
  region size 1024K, 31 young (31744K), 3 survivors (3072K)
 Metaspace       used 27191K, committed 27712K, reserved 1114112K
  class space    used 3686K, committed 3904K, reserved 1048576K
}
Event: 2.710 GC heap after
{Heap after GC invocations=6 (full 0):
 garbage-first heap   total 58368K, used 18432K [0x0000000082200000, 0x0000000100000000)
  region size 1024K, 4 young (4096K), 4 survivors (4096K)
 Metaspace       used 27191K, committed 27712K, reserved 1114112K
  class space    used 3686K, committed 3904K, reserved 1048576K
}
Event: 3.128 GC heap before
{Heap before GC invocations=6 (full 0):
 garbage-first heap   total 58368K, used 47104K [0x0000000082200000, 0x0000000100000000)
  region size 1024K, 32 young (32768K), 4 survivors (4096K)
 Metaspace       used 31236K, committed 31872K, reserved 1114112K
  class space    used 4254K, committed 4544K, reserved 1048576K
}
Event: 3.133 GC heap after
{Heap after GC invocations=7 (full 0):
 garbage-first heap   total 58368K, used 21477K [0x0000000082200000, 0x0000000100000000)
  region size 1024K, 3 young (3072K), 3 survivors (3072K)
 Metaspace       used 31236K, committed 31872K, reserved 1114112K
  class space    used 4254K, committed 4544K, reserved 1048576K
}
Event: 3.379 GC heap before
{Heap before GC invocations=7 (full 0):
 garbage-first heap   total 58368K, used 34789K [0x0000000082200000, 0x0000000100000000)
  region size 1024K, 18 young (18432K), 3 survivors (3072K)
 Metaspace       used 35381K, committed 35968K, reserved 1114112K
  class space    used 4836K, committed 5120K, reserved 1048576K
}
Event: 3.382 GC heap after
{Heap after GC invocations=8 (full 0):
 garbage-first heap   total 58368K, used 22486K [0x0000000082200000, 0x0000000100000000)
  region size 1024K, 1 young (1024K), 1 survivors (1024K)
 Metaspace       used 35381K, committed 35968K, reserved 1114112K
  class space    used 4836K, committed 5120K, reserved 1048576K
}
Event: 3.978 GC heap before
{Heap before GC invocations=9 (full 0):
 garbage-first heap   total 58368K, used 48086K [0x0000000082200000, 0x0000000100000000)
  region size 1024K, 27 young (27648K), 1 survivors (1024K)
 Metaspace       used 45650K, committed 46272K, reserved 1114112K
  class space    used 6175K, committed 6464K, reserved 1048576K
}
Event: 3.982 GC heap after
{Heap after GC invocations=10 (full 0):
 garbage-first heap   total 70656K, used 25000K [0x0000000082200000, 0x0000000100000000)
  region size 1024K, 4 young (4096K), 4 survivors (4096K)
 Metaspace       used 45650K, committed 46272K, reserved 1114112K
  class space    used 6175K, committed 6464K, reserved 1048576K
}
Event: 4.570 GC heap before
{Heap before GC invocations=10 (full 0):
 garbage-first heap   total 70656K, used 58792K [0x0000000082200000, 0x0000000100000000)
  region size 1024K, 38 young (38912K), 4 survivors (4096K)
 Metaspace       used 53953K, committed 54528K, reserved 1114112K
  class space    used 7352K, committed 7616K, reserved 1048576K
}
Event: 4.575 GC heap after
{Heap after GC invocations=11 (full 0):
 garbage-first heap   total 70656K, used 26842K [0x0000000082200000, 0x0000000100000000)
  region size 1024K, 5 young (5120K), 5 survivors (5120K)
 Metaspace       used 53953K, committed 54528K, reserved 1114112K
  class space    used 7352K, committed 7616K, reserved 1048576K
}
Event: 5.076 GC heap before
{Heap before GC invocations=11 (full 0):
 garbage-first heap   total 70656K, used 58586K [0x0000000082200000, 0x0000000100000000)
  region size 1024K, 37 young (37888K), 5 survivors (5120K)
 Metaspace       used 59936K, committed 60608K, reserved 1114112K
  class space    used 8266K, committed 8576K, reserved 1048576K
}
Event: 5.081 GC heap after
{Heap after GC invocations=12 (full 0):
 garbage-first heap   total 70656K, used 27984K [0x0000000082200000, 0x0000000100000000)
  region size 1024K, 4 young (4096K), 4 survivors (4096K)
 Metaspace       used 59936K, committed 60608K, reserved 1114112K
  class space    used 8266K, committed 8576K, reserved 1048576K
}
Event: 5.703 GC heap before
{Heap before GC invocations=13 (full 0):
 garbage-first heap   total 70656K, used 61776K [0x0000000082200000, 0x0000000100000000)
  region size 1024K, 37 young (37888K), 4 survivors (4096K)
 Metaspace       used 63962K, committed 64640K, reserved 1114112K
  class space    used 8966K, committed 9280K, reserved 1048576K
}
Event: 5.709 GC heap after
{Heap after GC invocations=14 (full 0):
 garbage-first heap   total 70656K, used 31731K [0x0000000082200000, 0x0000000100000000)
  region size 1024K, 5 young (5120K), 5 survivors (5120K)
 Metaspace       used 63962K, committed 64640K, reserved 1114112K
  class space    used 8966K, committed 9280K, reserved 1048576K
}
Event: 6.114 GC heap before
{Heap before GC invocations=14 (full 0):
 garbage-first heap   total 70656K, used 61427K [0x0000000082200000, 0x0000000100000000)
  region size 1024K, 34 young (34816K), 5 survivors (5120K)
 Metaspace       used 68138K, committed 68864K, reserved 1114112K
  class space    used 9503K, committed 9792K, reserved 1048576K
}
Event: 6.120 GC heap after
{Heap after GC invocations=15 (full 0):
 garbage-first heap   total 70656K, used 33729K [0x0000000082200000, 0x0000000100000000)
  region size 1024K, 3 young (3072K), 3 survivors (3072K)
 Metaspace       used 68138K, committed 68864K, reserved 1114112K
  class space    used 9503K, committed 9792K, reserved 1048576K
}
Event: 17.247 GC heap before
{Heap before GC invocations=15 (full 0):
 garbage-first heap   total 70656K, used 61377K [0x0000000082200000, 0x0000000100000000)
  region size 1024K, 31 young (31744K), 3 survivors (3072K)
 Metaspace       used 72138K, committed 73024K, reserved 1114112K
  class space    used 10089K, committed 10432K, reserved 1048576K
}
Event: 17.252 GC heap after
{Heap after GC invocations=16 (full 0):
 garbage-first heap   total 70656K, used 36671K [0x0000000082200000, 0x0000000100000000)
  region size 1024K, 3 young (3072K), 3 survivors (3072K)
 Metaspace       used 72138K, committed 73024K, reserved 1114112K
  class space    used 10089K, committed 10432K, reserved 1048576K
}

